<?xml version="1.0" encoding="UTF-8"?>
<coverage generated="1729519084723" clover="3.2.0">
  <project timestamp="1729519084723" name="All files">
    <metrics statements="12" coveredstatements="6" conditionals="6" coveredconditionals="1" methods="4" coveredmethods="2" elements="22" coveredelements="9" complexity="0" loc="12" ncloc="12" packages="1" files="1" classes="1"/>
    <file name="functionality.js" path="/Users/damacm173/Desktop/TD List/to-do-list/functionality.js">
      <metrics statements="12" coveredstatements="6" conditionals="6" coveredconditionals="1" methods="4" coveredmethods="2"/>
      <line num="1" count="1" type="stmt"/>
      <line num="4" count="1" type="stmt"/>
      <line num="5" count="1" type="stmt"/>
      <line num="6" count="1" type="cond" truecount="1" falsecount="1"/>
      <line num="7" count="0" type="stmt"/>
      <line num="8" count="0" type="stmt"/>
      <line num="11" count="1" type="stmt"/>
      <line num="15" count="1" type="stmt"/>
      <line num="20" count="0" type="cond" truecount="0" falsecount="4"/>
      <line num="21" count="0" type="stmt"/>
      <line num="31" count="0" type="stmt"/>
      <line num="32" count="0" type="stmt"/>
    </file>
  </project>
</coverage>
